# JRE version: OpenJDK Runtime Environment (8.0_242-b01) (build 1.8.0_242-release-1644-b01)
# Java VM: OpenJDK 64-Bit Server VM (25.242-b01 mixed mode windows-amd64 compressed oops)
Heap:
 PSYoungGen      total 153088K, used 110388K [0x00000000f5580000, 0x0000000100000000, 0x0000000100000000)
  eden space 139776K, 78% used [0x00000000f5580000,0x00000000fc14d0d0,0x00000000fde00000)
  from space 13312K, 0% used [0x00000000ff300000,0x00000000ff300000,0x0000000100000000)
  to   space 17408K, 0% used [0x00000000fde00000,0x00000000fde00000,0x00000000fef00000)
 ParOldGen       total 175104K, used 30077K [0x00000000e0000000, 0x00000000eab00000, 0x00000000f5580000)
  object space 175104K, 17% used [0x00000000e0000000,0x00000000e1d5f5d8,0x00000000eab00000)
 Metaspace       used 61534K, capacity 63830K, committed 64000K, reserved 1103872K
  class space    used 8471K, capacity 8957K, committed 8960K, reserved 1048576K
GC Heap History (10 events):
Event: 12.655 GC heap before
{Heap before GC invocations=9 (full 2):
 PSYoungGen      total 134144K, used 10195K [0x00000000f5580000, 0x0000000100000000, 0x0000000100000000)
  eden space 121856K, 0% used [0x00000000f5580000,0x00000000f5580000,0x00000000fcc80000)
  from space 12288K, 82% used [0x00000000fcc80000,0x00000000fd674f90,0x00000000fd880000)
  to   space 12288K, 0% used [0x00000000ff400000,0x00000000ff400000,0x0000000100000000)
 ParOldGen       total 175104K, used 7530K [0x00000000e0000000, 0x00000000eab00000, 0x00000000f5580000)
  object space 175104K, 4% used [0x00000000e0000000,0x00000000e075a828,0x00000000eab00000)
 Metaspace       used 34389K, capacity 35366K, committed 35456K, reserved 1079296K
  class space    used 4684K, capacity 4942K, committed 4992K, reserved 1048576K
Event: 12.718 GC heap after
Heap after GC invocations=9 (full 2):
 PSYoungGen      total 134144K, used 0K [0x00000000f5580000, 0x0000000100000000, 0x0000000100000000)
  eden space 121856K, 0% used [0x00000000f5580000,0x00000000f5580000,0x00000000fcc80000)
  from space 12288K, 0% used [0x00000000fcc80000,0x00000000fcc80000,0x00000000fd880000)
  to   space 12288K, 0% used [0x00000000ff400000,0x00000000ff400000,0x0000000100000000)
 ParOldGen       total 175104K, used 16978K [0x00000000e0000000, 0x00000000eab00000, 0x00000000f5580000)
  object space 175104K, 9% used [0x00000000e0000000,0x00000000e1094a58,0x00000000eab00000)
 Metaspace       used 34389K, capacity 35366K, committed 35456K, reserved 1079296K
  class space    used 4684K, capacity 4942K, committed 4992K, reserved 1048576K
}
Event: 15.852 GC heap before
{Heap before GC invocations=10 (full 2):
 PSYoungGen      total 134144K, used 121856K [0x00000000f5580000, 0x0000000100000000, 0x0000000100000000)
  eden space 121856K, 100% used [0x00000000f5580000,0x00000000fcc80000,0x00000000fcc80000)
  from space 12288K, 0% used [0x00000000fcc80000,0x00000000fcc80000,0x00000000fd880000)
  to   space 12288K, 0% used [0x00000000ff400000,0x00000000ff400000,0x0000000100000000)
 ParOldGen       total 175104K, used 16978K [0x00000000e0000000, 0x00000000eab00000, 0x00000000f5580000)
  object space 175104K, 9% used [0x00000000e0000000,0x00000000e1094a58,0x00000000eab00000)
 Metaspace       used 43556K, capacity 45142K, committed 45312K, reserved 1087488K
  class space    used 5898K, capacity 6273K, committed 6400K, reserved 1048576K
Event: 15.883 GC heap after
Heap after GC invocations=10 (full 2):
 PSYoungGen      total 160256K, used 11824K [0x00000000f5580000, 0x0000000100000000, 0x0000000100000000)
  eden space 147968K, 0% used [0x00000000f5580000,0x00000000f5580000,0x00000000fe600000)
  from space 12288K, 96% used [0x00000000ff400000,0x00000000fff8c110,0x0000000100000000)
  to   space 13312K, 0% used [0x00000000fe600000,0x00000000fe600000,0x00000000ff300000)
 ParOldGen       total 175104K, used 16986K [0x00000000e0000000, 0x00000000eab00000, 0x00000000f5580000)
  object space 175104K, 9% used [0x00000000e0000000,0x00000000e1096a58,0x00000000eab00000)
 Metaspace       used 43556K, capacity 45142K, committed 45312K, reserved 1087488K
  class space    used 5898K, capacity 6273K, committed 6400K, reserved 1048576K
}
Event: 19.986 GC heap before
{Heap before GC invocations=11 (full 2):
 PSYoungGen      total 160256K, used 159792K [0x00000000f5580000, 0x0000000100000000, 0x0000000100000000)
  eden space 147968K, 100% used [0x00000000f5580000,0x00000000fe600000,0x00000000fe600000)
  from space 12288K, 96% used [0x00000000ff400000,0x00000000fff8c110,0x0000000100000000)
  to   space 13312K, 0% used [0x00000000fe600000,0x00000000fe600000,0x00000000ff300000)
 ParOldGen       total 175104K, used 16986K [0x00000000e0000000, 0x00000000eab00000, 0x00000000f5580000)
  object space 175104K, 9% used [0x00000000e0000000,0x00000000e1096a58,0x00000000eab00000)
 Metaspace       used 55695K, capacity 57666K, committed 57728K, reserved 1099776K
  class space    used 7601K, capacity 8049K, committed 8064K, reserved 1048576K
Event: 20.022 GC heap after
Heap after GC invocations=11 (full 2):
 PSYoungGen      total 161280K, used 13308K [0x00000000f5580000, 0x0000000100000000, 0x0000000100000000)
  eden space 147968K, 0% used [0x00000000f5580000,0x00000000f5580000,0x00000000fe600000)
  from space 13312K, 99% used [0x00000000fe600000,0x00000000ff2ff320,0x00000000ff300000)
  to   space 13312K, 0% used [0x00000000ff300000,0x00000000ff300000,0x0000000100000000)
 ParOldGen       total 175104K, used 25637K [0x00000000e0000000, 0x00000000eab00000, 0x00000000f5580000)
  object space 175104K, 14% used [0x00000000e0000000,0x00000000e19095c0,0x00000000eab00000)
 Metaspace       used 55695K, capacity 57666K, committed 57728K, reserved 1099776K
  class space    used 7601K, capacity 8049K, committed 8064K, reserved 1048576K
}
Event: 20.346 GC heap before
{Heap before GC invocations=12 (full 2):
 PSYoungGen      total 161280K, used 32584K [0x00000000f5580000, 0x0000000100000000, 0x0000000100000000)
  eden space 147968K, 13% used [0x00000000f5580000,0x00000000f6852e40,0x00000000fe600000)
  from space 13312K, 99% used [0x00000000fe600000,0x00000000ff2ff320,0x00000000ff300000)
  to   space 13312K, 0% used [0x00000000ff300000,0x00000000ff300000,0x0000000100000000)
 ParOldGen       total 175104K, used 25637K [0x00000000e0000000, 0x00000000eab00000, 0x00000000f5580000)
  object space 175104K, 14% used [0x00000000e0000000,0x00000000e19095c0,0x00000000eab00000)
 Metaspace       used 57010K, capacity 59006K, committed 59096K, reserved 1099776K
  class space    used 7787K, capacity 8252K, committed 8320K, reserved 1048576K
Event: 20.363 GC heap after
Heap after GC invocations=12 (full 2):
 PSYoungGen      total 153088K, used 10172K [0x00000000f5580000, 0x0000000100000000, 0x0000000100000000)
  eden space 139776K, 0% used [0x00000000f5580000,0x00000000f5580000,0x00000000fde00000)
  from space 13312K, 76% used [0x00000000ff300000,0x00000000ffcef010,0x0000000100000000)
  to   space 17408K, 0% used [0x00000000fde00000,0x00000000fde00000,0x00000000fef00000)
 ParOldGen       total 175104K, used 30063K [0x00000000e0000000, 0x00000000eab00000, 0x00000000f5580000)
  object space 175104K, 17% used [0x00000000e0000000,0x00000000e1d5bce0,0x00000000eab00000)
 Metaspace       used 57010K, capacity 59006K, committed 59096K, reserved 1099776K
  class space    used 7787K, capacity 8252K, committed 8320K, reserved 1048576K
}
Event: 20.363 GC heap before
{Heap before GC invocations=13 (full 3):
 PSYoungGen      total 153088K, used 10172K [0x00000000f5580000, 0x0000000100000000, 0x0000000100000000)
  eden space 139776K, 0% used [0x00000000f5580000,0x00000000f5580000,0x00000000fde00000)
  from space 13312K, 76% used [0x00000000ff300000,0x00000000ffcef010,0x0000000100000000)
  to   space 17408K, 0% used [0x00000000fde00000,0x00000000fde00000,0x00000000fef00000)
 ParOldGen       total 175104K, used 30063K [0x00000000e0000000, 0x00000000eab00000, 0x00000000f5580000)
  object space 175104K, 17% used [0x00000000e0000000,0x00000000e1d5bce0,0x00000000eab00000)
 Metaspace       used 57010K, capacity 59006K, committed 59096K, reserved 1099776K
  class space    used 7787K, capacity 8252K, committed 8320K, reserved 1048576K
Event: 20.704 GC heap after
Heap after GC invocations=13 (full 3):
 PSYoungGen      total 153088K, used 0K [0x00000000f5580000, 0x0000000100000000, 0x0000000100000000)
  eden space 139776K, 0% used [0x00000000f5580000,0x00000000f5580000,0x00000000fde00000)
  from space 13312K, 0% used [0x00000000ff300000,0x00000000ff300000,0x0000000100000000)
  to   space 17408K, 0% used [0x00000000fde00000,0x00000000fde00000,0x00000000fef00000)
 ParOldGen       total 175104K, used 30077K [0x00000000e0000000, 0x00000000eab00000, 0x00000000f5580000)
  object space 175104K, 17% used [0x00000000e0000000,0x00000000e1d5f5d8,0x00000000eab00000)
 Metaspace       used 56990K, capacity 58940K, committed 59096K, reserved 1099776K
  class space    used 7781K, capacity 8241K, committed 8320K, reserved 1048576K
}

